Arguments: 
  /usr/local/bin/node /usr/local/Cellar/yarn/1.22.19/libexec/bin/yarn.js add surrealdb.js

PATH: 
  /usr/local/bin:/usr/bin:/bin:/usr/sbin:/sbin:/usr/local/bin

Yarn version: 
  1.22.19

Node version: 
  18.12.0

Platform: 
  darwin x64

Trace: 
  SyntaxError: /Users/lukaszszmolke/projects/surrealdb/package.json: Unexpected token } in JSON at position 208
      at JSON.parse (<anonymous>)
      at /usr/local/Cellar/yarn/1.22.19/libexec/lib/cli.js:1629:59
      at Generator.next (<anonymous>)
      at step (/usr/local/Cellar/yarn/1.22.19/libexec/lib/cli.js:310:30)
      at /usr/local/Cellar/yarn/1.22.19/libexec/lib/cli.js:321:13

npm manifest: 
  {
    "name": "surrealdb",
    "version": "1.0.0",
    "main": "app.ts",
    "repository": "git@github.com:lukaszszmolke/surrealdb.git",
    "author": "lukaszszmolke <lukasz.szmolke@gmail.com>",
    "license": "MIT",
  
  }

yarn manifest: 
  No manifest

Lockfile: 
  No lockfile
